2025-11-06 11:08:53,164 - INFO - Streamlit app initialization
2025-11-06 11:09:31,403 - INFO - Streamlit app initialization
2025-11-06 12:27:50,454 - INFO - Streamlit app initialization
2025-11-06 12:42:58,170 - INFO - Streamlit app initialization
2025-11-06 12:47:03,389 - INFO - Streamlit app initialization
2025-11-06 12:47:05,341 - INFO - Streamlit app initialization
2025-11-06 12:47:05,372 - INFO - Backtest start | 2024-01-01 ~ 2024-12-31 | timeframe 5T | leverage x10 | TP 2.00% | SL 1.50% | cooldown 60 min
2025-11-06 12:47:08,374 - INFO - Backtest end   | trades 4374 | total return -4.91%
2025-11-06 12:47:08,872 - INFO - Backtest saved | record id 20251106034708_3335f691f36c4008a16fb4e4e247b606
2025-11-06 12:54:22,740 - INFO - Streamlit app initialization
2025-11-06 12:54:25,670 - INFO - Streamlit app initialization
2025-11-06 12:54:25,685 - INFO - Backtest start | 2024-01-01 ~ 2024-12-31 | timeframe 5T | leverage x10 | TP 2.00% | SL 1.50% | cooldown 60 min
2025-11-06 12:54:28,283 - INFO - Backtest end   | trades 4374 | total return -4.91%
2025-11-06 12:54:28,719 - INFO - Backtest saved | record id 20251106035428_fe6d22f619e949bb91b2002cc8897c80
2025-11-06 13:09:38,783 - INFO - Streamlit app initialization
2025-11-06 13:09:40,467 - INFO - Streamlit app initialization
2025-11-06 13:09:40,495 - INFO - Backtest start | 2024-01-01 ~ 2024-12-31 | timeframe 5T | leverage x10 | TP 2.00% | SL 1.50% | cooldown 60 min
2025-11-06 13:09:43,073 - INFO - Backtest end   | trades 4374 | total return -4.91%
2025-11-06 13:17:28,346 - INFO - Streamlit app initialization
2025-11-06 13:17:31,306 - INFO - Streamlit app initialization
2025-11-06 13:17:31,408 - INFO - Backtest start | 2024-01-01 ~ 2024-12-31 | timeframe 5T | leverage x10 | TP 2.00% | SL 1.50% | cooldown 60 min
2025-11-06 13:17:37,387 - INFO - Backtest end   | trades 4374 | total return -4.91%
2025-11-06 13:27:48,309 - INFO - Streamlit app initialization
2025-11-06 13:27:51,011 - INFO - Streamlit app initialization
2025-11-06 13:27:51,032 - INFO - Backtest start | 2024-01-01 ~ 2024-12-31 | timeframe 5T | leverage x10 | TP 2.00% | SL 1.50% | cooldown 60 min
2025-11-06 13:27:53,671 - INFO - Backtest end   | trades 4374 | total return -4.91%
2025-11-06 13:27:54,106 - INFO - Backtest saved | record id 20251106042753_5dbcf3c7fd2c497e9a48bbaae106be15
2025-11-06 13:33:44,000 - INFO - Streamlit app initialization
2025-11-06 13:33:45,801 - INFO - Streamlit app initialization
2025-11-06 13:33:45,833 - INFO - Backtest start | 2024-01-01 ~ 2024-12-31 | timeframe 5T | leverage x10 | TP 2.00% | SL 1.50% | cooldown 60 min
2025-11-06 13:33:48,505 - INFO - Backtest end   | trades 4374 | total return -4.91%
2025-11-06 13:33:48,931 - INFO - Backtest saved | record id 20251106043348_c2fa66119ab249ea95be3a952213f0b5
2025-11-06 13:40:57,586 - INFO - Streamlit app initialization
2025-11-06 13:40:59,867 - INFO - Streamlit app initialization
2025-11-06 13:40:59,883 - INFO - Backtest start | 2024-01-01 ~ 2024-12-31 | timeframe 5T | leverage x10 | TP 2.00% | SL 1.50% | cooldown 60 min
2025-11-06 13:41:02,567 - INFO - Backtest end   | trades 4374 | total return -4.91%
2025-11-06 13:41:03,095 - INFO - Backtest saved | record id 20251106044102_0b3d950ca6be43e98018c90cf4fe2ba0
2025-11-06 13:41:31,651 - INFO - Streamlit app initialization
2025-11-06 13:53:52,223 - INFO - Streamlit app initialization
2025-11-06 13:53:54,065 - INFO - Streamlit app initialization
2025-11-06 13:53:54,083 - INFO - Backtest start | 2024-01-01 ~ 2024-12-31 | timeframe 5T | leverage x10 | TP 2.00% | SL 1.50% | cooldown 60 min
2025-11-06 13:53:56,706 - INFO - Backtest end   | trades 4374 | total return -4.91%
2025-11-06 13:53:57,143 - INFO - Backtest saved | record id 20251106045356_32b25b0144e3417da68b002d00022547
2025-11-06 13:55:27,022 - INFO - Streamlit app initialization
2025-11-06 13:55:28,260 - INFO - Streamlit app initialization
2025-11-06 14:06:09,291 - INFO - Streamlit app initialization
2025-11-06 14:06:10,738 - INFO - Streamlit app initialization
2025-11-06 14:06:10,759 - INFO - Backtest start | 2024-01-01 ~ 2024-12-31 | timeframe 5T | leverage x10 | TP 2.00% | SL 1.50% | cooldown 60 min
2025-11-06 14:06:13,704 - INFO - Backtest end   | trades 4374 | total return -4.92%
2025-11-06 14:06:14,477 - INFO - Backtest saved | record id 20251106050613_b6fc8f8344504eaa80cb9205700775bf
2025-11-06 14:25:36,659 - INFO - Streamlit app initialization
2025-11-06 14:25:39,136 - INFO - Streamlit app initialization
2025-11-06 14:25:39,163 - INFO - Backtest start | 2024-01-01 ~ 2024-12-31 | timeframe 5T | leverage x10 | TP 2.00% | SL 1.50% | cooldown 60 min
2025-11-06 14:25:42,176 - INFO - Backtest end   | trades 4374 | total return -4.92%
2025-11-06 14:25:42,964 - INFO - Backtest saved | record id 20251106052542_22eaf4220f5344e5af5ee7c11bf2360d
2025-11-06 14:37:02,518 - INFO - Streamlit app initialization
2025-11-06 14:37:06,662 - INFO - Streamlit app initialization
2025-11-06 14:37:06,693 - INFO - Backtest start | 2024-01-01 ~ 2024-12-31 | timeframe 5T | leverage x10 | TP 2.00% | SL 1.50% | cooldown 60 min
2025-11-06 14:37:09,636 - INFO - Backtest end   | trades 4374 | total return -4.92%
2025-11-06 14:37:10,402 - INFO - Backtest saved | record id 20251106053709_461186c7ff5b45e098f890d5ac92f688
2025-11-06 14:39:18,536 - INFO - Streamlit app initialization
2025-11-06 14:39:18,841 - INFO - Streamlit app initialization
2025-11-06 14:39:25,712 - INFO - Streamlit app initialization
2025-11-06 14:39:25,811 - INFO - Streamlit app initialization
2025-11-06 14:39:30,830 - INFO - Streamlit app initialization
2025-11-06 14:39:30,855 - INFO - Backtest start | 2024-01-01 ~ 2024-12-31 | timeframe 5T | leverage x10 | TP 2.00% | SL 1.50% | cooldown 60 min
2025-11-06 14:39:37,470 - INFO - Backtest end   | trades 4374 | total return -4.92%
2025-11-06 14:39:38,337 - INFO - Backtest saved | record id 20251106053937_64817c8f9e3e4a0faccc4a44194c71c3
2025-11-06 14:49:01,171 - INFO - Streamlit app initialization
2025-11-06 14:49:02,365 - INFO - Streamlit app initialization
2025-11-06 14:49:23,462 - INFO - Streamlit app initialization
2025-11-06 14:49:26,438 - INFO - Streamlit app initialization
2025-11-06 14:49:26,498 - INFO - Backtest start | 2024-01-01 ~ 2024-12-31 | timeframe 5T | leverage x10 | TP 2.00% | SL 1.50% | cooldown 60 min
2025-11-06 14:49:33,328 - INFO - Backtest end   | trades 4374 | total return -4.92%
2025-11-06 14:49:34,249 - INFO - Backtest saved | record id 20251106054933_30a540b031d643fb946ee1cfcfc7d0f0
2025-11-06 14:50:53,828 - INFO - Streamlit app initialization
2025-11-06 14:50:54,542 - INFO - Streamlit app initialization
2025-11-06 14:50:54,561 - INFO - Backtest start | 2024-01-01 ~ 2024-12-31 | timeframe 5T | leverage x10 | TP 2.00% | SL 1.50% | cooldown 240 min
2025-11-06 14:51:01,750 - INFO - Streamlit app initialization
2025-11-06 14:51:02,005 - INFO - Backtest end   | trades 2906 | total return -3.51%
2025-11-06 14:51:02,904 - INFO - Backtest saved | record id 20251106055102_4e90a7d6ce38422b8086e832a7c242f2
2025-11-06 14:51:07,263 - INFO - Streamlit app initialization
2025-11-06 14:51:07,297 - INFO - Backtest start | 2024-01-01 ~ 2024-12-31 | timeframe 15T | leverage x10 | TP 2.00% | SL 1.50% | cooldown 240 min
2025-11-06 14:51:09,933 - INFO - Backtest end   | trades 1452 | total return -1.84%
2025-11-06 14:51:10,287 - INFO - Backtest saved | record id 20251106055109_50f494f679934052b6945dbcb88584f8
2025-11-06 14:59:45,996 - INFO - Streamlit app initialization
2025-11-06 14:59:48,210 - INFO - Streamlit app initialization
2025-11-06 14:59:48,233 - INFO - Backtest start | 2024-01-01 ~ 2024-12-31 | timeframe 5T | leverage x10 | TP 2.00% | SL 1.50% | cooldown 60 min
2025-11-06 14:59:54,824 - INFO - Backtest end   | trades 4374 | total return -4.92%
2025-11-06 14:59:55,689 - INFO - Backtest saved | record id 20251106055954_26e7db78bd2041989bfb25d02d1121bc
2025-11-06 15:06:06,092 - INFO - Streamlit app initialization
2025-11-06 15:06:07,672 - INFO - Streamlit app initialization
2025-11-06 15:06:12,400 - INFO - Streamlit app initialization
2025-11-06 15:06:12,445 - INFO - Backtest start | 2024-01-01 ~ 2024-12-31 | timeframe 5T | leverage x10 | TP 2.00% | SL 1.50% | cooldown 60 min
2025-11-06 15:06:19,833 - INFO - Backtest end   | trades 4374 | total return -4.92%
2025-11-06 15:06:20,744 - INFO - Backtest saved | record id 20251106060619_732e748be59b4db995335bb7d32e9037
2025-11-06 15:38:09,279 - INFO - Streamlit app initialization
2025-11-06 15:38:09,523 - INFO - Streamlit app initialization
2025-11-06 15:52:32,716 - INFO - Streamlit app initialization
2025-11-06 15:52:35,677 - INFO - Streamlit app initialization
2025-11-06 15:52:35,709 - INFO - Backtest start | 2024-01-01 ~ 2024-12-31 | timeframe 5T | leverage x10 | TP 2.00% | SL 1.50% | cooldown 60 min
2025-11-06 15:52:42,802 - INFO - Backtest end   | trades 4374 | total return -4.92%
2025-11-06 15:52:43,677 - INFO - Backtest saved | record id 20251106065242_9ddcae80c434406ebb81128031c91823
2025-11-06 15:53:21,338 - INFO - Streamlit app initialization
2025-11-06 15:53:23,301 - INFO - Streamlit app initialization
2025-11-06 15:53:23,321 - INFO - Backtest start | 2024-01-01 ~ 2024-12-31 | timeframe 5T | leverage x10 | TP 2.00% | SL 1.50% | cooldown 60 min
2025-11-06 15:53:30,275 - INFO - Backtest end   | trades 4374 | total return -4.92%
2025-11-06 15:53:31,145 - INFO - Backtest saved | record id 20251106065330_11cf8188369043a4b06fd7793b0bb717
2025-11-06 15:53:36,985 - INFO - Streamlit app initialization
2025-11-06 15:53:37,013 - INFO - Backtest start | 2024-01-01 ~ 2024-12-31 | timeframe 5T | leverage x10 | TP 2.00% | SL 1.50% | cooldown 60 min
2025-11-06 15:53:43,874 - INFO - Backtest end   | trades 4374 | total return -4.92%
2025-11-06 15:53:44,743 - INFO - Backtest saved | record id 20251106065343_2daaefcff7844ddaa2a0d6b602ce6dd1
2025-11-06 16:18:42,003 - INFO - Streamlit app initialization
2025-11-06 16:18:42,276 - INFO - Streamlit app initialization
2025-11-06 16:18:49,664 - INFO - Streamlit app initialization
2025-11-06 16:18:51,447 - INFO - Streamlit app initialization
2025-11-06 16:18:51,474 - INFO - Backtest start | 2024-01-01 ~ 2024-12-31 | timeframe 5T | leverage x10 | TP 2.00% | SL 1.50% | cooldown 60 min
2025-11-06 16:18:58,676 - INFO - Backtest end   | trades 1671 | total return -1.09%
2025-11-06 16:18:59,572 - INFO - Backtest saved | record id 20251106071858_7b3ce44631074418bf5cc41013e45418
2025-11-06 16:19:30,637 - INFO - Streamlit app initialization
2025-11-06 16:19:31,345 - INFO - Streamlit app initialization
2025-11-06 16:19:31,837 - INFO - Streamlit app initialization
2025-11-06 16:19:35,092 - INFO - Streamlit app initialization
2025-11-06 16:19:37,107 - INFO - Streamlit app initialization
2025-11-06 16:19:37,132 - INFO - Backtest start | 2024-01-01 ~ 2024-12-31 | timeframe 5T | leverage x10 | TP 3.01% | SL 1.50% | cooldown 60 min
2025-11-06 16:19:43,926 - INFO - Backtest end   | trades 1417 | total return -1.05%
2025-11-06 16:19:44,802 - INFO - Backtest saved | record id 20251106071943_0743e855f37e4a57a01c632916c54ec2
2025-11-06 16:20:00,716 - INFO - Streamlit app initialization
2025-11-06 16:20:03,096 - INFO - Streamlit app initialization
2025-11-06 16:20:03,792 - INFO - Streamlit app initialization
2025-11-06 16:20:04,219 - INFO - Streamlit app initialization
2025-11-06 16:20:15,896 - INFO - Streamlit app initialization
2025-11-06 16:20:25,981 - INFO - Streamlit app initialization
2025-11-06 16:20:28,655 - INFO - Streamlit app initialization
2025-11-06 16:20:28,697 - INFO - Backtest start | 2020-03-26 ~ 2025-10-31 | timeframe 5T | leverage x10 | TP 2.00% | SL 1.50% | cooldown 60 min
2025-11-06 16:21:10,462 - INFO - Backtest end   | trades 11477 | total return -6.32%
2025-11-06 16:21:16,031 - INFO - Backtest saved | record id 20251106072110_b310880e934b42319c46113a2023b8c0
2025-11-06 16:26:04,420 - INFO - Streamlit app initialization
2025-11-06 16:27:06,839 - INFO - Streamlit app initialization
2025-11-06 16:27:12,095 - INFO - Streamlit app initialization
2025-11-06 16:27:13,534 - INFO - Streamlit app initialization
2025-11-06 16:27:14,097 - INFO - Streamlit app initialization
2025-11-06 16:27:14,139 - INFO - Backtest start | 2020-03-26 ~ 2025-11-06 | timeframe 5T | leverage x10 | TP 2.00% | SL 1.50% | cooldown 300 min
2025-11-06 16:27:57,835 - INFO - Backtest end   | trades 6499 | total return -3.38%
2025-11-06 16:28:03,393 - INFO - Backtest saved | record id 20251106072757_b51187d70aa740439c7987fb4c98f2a8
2025-11-06 16:30:04,810 - INFO - Streamlit app initialization
2025-11-06 16:32:56,103 - INFO - Streamlit app initialization
2025-11-06 16:32:56,594 - INFO - Streamlit app initialization
2025-11-06 16:32:56,625 - INFO - Backtest start | 2020-03-26 ~ 2025-11-06 | timeframe 5T | leverage x10 | TP 2.00% | SL 1.50% | cooldown 1440 min
2025-11-06 16:33:35,403 - INFO - Backtest end   | trades 597 | total return -0.38%
2025-11-06 16:33:40,669 - INFO - Backtest saved | record id 20251106073335_2c78a77fc16d436082fb1c993be380e7
2025-11-06 16:40:48,209 - INFO - Streamlit app initialization
2025-11-06 16:40:48,209 - INFO - Streamlit app initialization
2025-11-06 16:40:51,272 - INFO - Streamlit app initialization
2025-11-06 16:40:55,261 - INFO - Streamlit app initialization
2025-11-06 16:40:55,640 - INFO - Streamlit app initialization
2025-11-06 16:40:56,328 - INFO - Streamlit app initialization
2025-11-06 16:40:56,360 - INFO - Backtest start | 2020-03-26 ~ 2025-11-06 | timeframe 5T | leverage x10 | TP 2.00% | SL 1.50% | cooldown 1440 min
2025-11-06 16:41:36,948 - INFO - Backtest end   | trades 597 | total return -0.38%
2025-11-06 16:41:41,795 - INFO - Backtest saved | record id 20251106074136_53eda614b1ce4740b1cc2078d1f5bb97
2025-11-06 16:41:47,478 - INFO - Streamlit app initialization
2025-11-06 16:41:49,400 - INFO - Streamlit app initialization
2025-11-06 16:41:49,428 - INFO - Backtest start | 2020-03-26 ~ 2025-11-06 | timeframe 15T | leverage x10 | TP 2.00% | SL 1.50% | cooldown 1440 min
2025-11-06 16:42:02,776 - INFO - Backtest end   | trades 1469 | total return -0.58%
2025-11-06 16:42:04,584 - INFO - Backtest saved | record id 20251106074202_73c2ab4c340e448c897b0c5a7f62f0e9
2025-11-06 16:43:57,635 - INFO - Streamlit app initialization
2025-11-06 16:48:43,802 - INFO - Streamlit app initialization
2025-11-06 16:48:45,331 - INFO - Streamlit app initialization
2025-11-06 16:48:46,511 - INFO - Streamlit app initialization
2025-11-06 16:48:52,804 - INFO - Streamlit app initialization
2025-11-06 16:48:53,485 - INFO - Streamlit app initialization
2025-11-06 16:48:53,516 - INFO - Backtest start | 2020-03-26 ~ 2025-11-06 | timeframe 5T | leverage x10 | TP 2.00% | SL 1.50% | cooldown 1440 min
2025-11-06 16:49:38,502 - INFO - Backtest end   | trades 597 | total return -0.38%
2025-11-06 16:49:43,594 - INFO - Backtest saved | record id 20251106074938_22fbb588817f450b8ab3eccd9fdbf4f8
2025-11-06 16:54:14,905 - INFO - Streamlit app initialization
2025-11-06 16:54:28,635 - INFO - Streamlit app initialization
2025-11-06 16:54:28,644 - INFO - Loading saved backtest: 20251106074938_22fbb588817f450b8ab3eccd9fdbf4f8
2025-11-06 16:54:30,203 - INFO - Finished loading backtest: 20251106074938_22fbb588817f450b8ab3eccd9fdbf4f8
2025-11-06 16:54:36,301 - INFO - Streamlit app initialization
2025-11-06 16:54:36,313 - INFO - Loading saved backtest: 20251106074938_22fbb588817f450b8ab3eccd9fdbf4f8
2025-11-06 16:54:37,991 - INFO - Finished loading backtest: 20251106074938_22fbb588817f450b8ab3eccd9fdbf4f8
2025-11-06 16:55:54,924 - INFO - Streamlit app initialization
2025-11-06 16:56:31,524 - INFO - Streamlit app initialization
2025-11-06 16:56:48,044 - INFO - Streamlit app initialization
2025-11-06 16:56:49,121 - INFO - Streamlit app initialization
2025-11-06 16:56:52,462 - INFO - Streamlit app initialization
2025-11-06 16:56:52,940 - INFO - Streamlit app initialization
2025-11-06 16:56:52,963 - INFO - Backtest start | 2020-03-26 ~ 2025-11-06 | timeframe 10T | leverage x10 | TP 2.00% | SL 1.50% | cooldown 1440 min
2025-11-06 16:57:13,105 - INFO - Backtest end   | trades 1201 | total return -42.53%
2025-11-06 16:57:15,467 - INFO - Backtest saved | record id 20251106075713_2ed69c1de76145f38136366a7efcb425
2025-11-06 17:01:16,262 - INFO - Streamlit app initialization
2025-11-06 17:01:17,483 - INFO - Streamlit app initialization
2025-11-06 17:01:17,510 - INFO - Backtest start | 2020-03-26 ~ 2025-11-06 | timeframe 10T | leverage x10 | TP 2.00% | SL 1.50% | cooldown 180 min
2025-11-06 17:01:37,213 - INFO - Backtest end   | trades 5214 | total return -98.24%
2025-11-06 17:01:39,771 - INFO - Backtest saved | record id 20251106080137_a407e0c412414066b75e714753234f39
2025-11-06 17:01:55,916 - INFO - Streamlit app initialization
2025-11-06 17:01:57,832 - INFO - Streamlit app initialization
2025-11-06 17:02:01,132 - INFO - Streamlit app initialization
2025-11-06 17:02:15,601 - INFO - Streamlit app initialization
2025-11-06 17:02:17,088 - INFO - Streamlit app initialization
2025-11-06 17:02:18,024 - INFO - Streamlit app initialization
2025-11-06 17:02:19,136 - INFO - Streamlit app initialization
2025-11-06 17:02:19,174 - INFO - Backtest start | 2020-03-26 ~ 2025-11-06 | timeframe 5T | leverage x10 | TP 2.00% | SL 1.50% | cooldown 180 min
2025-11-06 17:02:59,075 - INFO - Backtest end   | trades 8479 | total return -4.70%
2025-11-06 17:03:04,066 - INFO - Backtest saved | record id 20251106080259_3410cc7421f949d6b06b5b5fcf43bf73
2025-11-06 17:19:47,061 - INFO - Streamlit app initialization
2025-11-06 17:19:47,760 - INFO - Streamlit app initialization
2025-11-06 17:19:48,343 - INFO - Streamlit app initialization
2025-11-06 17:19:49,037 - INFO - Streamlit app initialization
2025-11-06 17:19:49,897 - INFO - Streamlit app initialization
2025-11-06 17:27:03,379 - INFO - Streamlit app initialization
2025-11-06 17:27:03,499 - INFO - Backtest start | 2020-03-26 ~ 2025-11-06 | timeframe 5T | leverage x10 | TP 2.00% | SL 1.50% | cooldown 180 min
2025-11-06 17:27:46,091 - INFO - Backtest end   | trades 8479 | total return -100.00%
2025-11-06 17:27:51,294 - INFO - Backtest saved | record id 20251106082746_dbc672281362424ebcccfb3bcc70a0a2
2025-11-06 17:28:10,433 - INFO - Streamlit app initialization
2025-11-06 17:28:20,430 - INFO - Streamlit app initialization
2025-11-06 17:28:22,705 - INFO - Streamlit app initialization
2025-11-06 17:28:23,332 - INFO - Streamlit app initialization
2025-11-06 17:28:28,375 - INFO - Streamlit app initialization
2025-11-06 17:28:29,339 - INFO - Streamlit app initialization
2025-11-06 17:28:29,748 - INFO - Streamlit app initialization
2025-11-06 17:28:29,778 - INFO - Backtest start | 2020-03-26 ~ 2025-11-06 | timeframe 5T | leverage x10 | TP 2.00% | SL 1.50% | cooldown 180 min
2025-11-06 17:29:07,960 - INFO - Backtest end   | trades 7036 | total return -4.76%
2025-11-06 17:29:12,810 - INFO - Backtest saved | record id 20251106082907_1270be07573844588d94afe5f4d68dd9
2025-11-06 22:56:51,767 - INFO - Streamlit app initialization
2025-11-06 22:57:34,538 - INFO - Streamlit app initialization
2025-11-06 22:59:28,751 - INFO - Streamlit app initialization
2025-11-06 22:59:29,546 - INFO - Streamlit app initialization
2025-11-06 22:59:30,666 - INFO - Streamlit app initialization
